2024-02-12T07:26:54+00:00 CRITICAL Uncaught Error: Using $this when not in object context in C:\xampp\htdocs\wc_course\wp-content\themes\kreasi\functions.php:53
Stack trace:
#0 C:\xampp\htdocs\wc_course\wp-includes\class-wp-hook.php(324): customize_menu_item_args(Object(stdClass), Object(WP_Post), 0)
#1 C:\xampp\htdocs\wc_course\wp-includes\plugin.php(205): WP_Hook->apply_filters(Object(stdClass), Array)
#2 C:\xampp\htdocs\wc_course\wp-content\themes\kreasi\inc\class-wp-bootstrap-navwalker.php(166): apply_filters('nav_menu_item_a...', Object(stdClass), Object(WP_Post), 0)
#3 C:\xampp\htdocs\wc_course\wp-includes\class-wp-walker.php(147): WP_Bootstrap_Navwalker->start_el('', Object(WP_Post), 0, Object(stdClass))
#4 C:\xampp\htdocs\wc_course\wp-includes\class-wp-walker.php(247): Walker->display_element(Object(WP_Post), Array, 3, 0, Array, '')
#5 C:\xampp\htdocs\wc_course\wp-includes\nav-menu-template.php(616): Walker->walk(Array, 3, Object(stdClass))
#6 C:\xampp\htdocs\wc_course\wp-includes\nav-menu-template.php(236): walk_nav_menu_tree(Array, 3 in C:\xampp\htdocs\wc_course\wp-content\themes\kreasi\functions.php on line 53

2024-02-12T07:26:54+00:00 CRITICAL Uncaught Error: Using $this when not in object context in C:\xampp\htdocs\wc_course\wp-content\themes\kreasi\functions.php:53
Stack trace:
#0 C:\xampp\htdocs\wc_course\wp-includes\class-wp-hook.php(324): customize_menu_item_args(Object(stdClass), Object(WP_Post), 0)
#1 C:\xampp\htdocs\wc_course\wp-includes\plugin.php(205): WP_Hook->apply_filters(Object(stdClass), Array)
#2 C:\xampp\htdocs\wc_course\wp-content\themes\kreasi\inc\class-wp-bootstrap-navwalker.php(166): apply_filters('nav_menu_item_a...', Object(stdClass), Object(WP_Post), 0)
#3 C:\xampp\htdocs\wc_course\wp-includes\class-wp-walker.php(147): WP_Bootstrap_Navwalker->start_el('', Object(WP_Post), 0, Object(stdClass))
#4 C:\xampp\htdocs\wc_course\wp-includes\class-wp-walker.php(247): Walker->display_element(Object(WP_Post), Array, 3, 0, Array, '')
#5 C:\xampp\htdocs\wc_course\wp-includes\nav-menu-template.php(616): Walker->walk(Array, 3, Object(stdClass))
#6 C:\xampp\htdocs\wc_course\wp-includes\nav-menu-template.php(236): walk_nav_menu_tree(Array, 3 in C:\xampp\htdocs\wc_course\wp-content\themes\kreasi\functions.php on line 53

2024-02-12T07:28:23+00:00 CRITICAL Uncaught Error: Using $this when not in object context in C:\xampp\htdocs\wc_course\wp-content\themes\kreasi\functions.php:53
Stack trace:
#0 C:\xampp\htdocs\wc_course\wp-includes\class-wp-hook.php(326): customize_menu_item_args(Object(stdClass))
#1 C:\xampp\htdocs\wc_course\wp-includes\plugin.php(205): WP_Hook->apply_filters(Object(stdClass), Array)
#2 C:\xampp\htdocs\wc_course\wp-content\themes\kreasi\inc\class-wp-bootstrap-navwalker.php(166): apply_filters('nav_menu_item_a...', Object(stdClass), Object(WP_Post), 0)
#3 C:\xampp\htdocs\wc_course\wp-includes\class-wp-walker.php(147): WP_Bootstrap_Navwalker->start_el('', Object(WP_Post), 0, Object(stdClass))
#4 C:\xampp\htdocs\wc_course\wp-includes\class-wp-walker.php(247): Walker->display_element(Object(WP_Post), Array, 3, 0, Array, '')
#5 C:\xampp\htdocs\wc_course\wp-includes\nav-menu-template.php(616): Walker->walk(Array, 3, Object(stdClass))
#6 C:\xampp\htdocs\wc_course\wp-includes\nav-menu-template.php(236): walk_nav_menu_tree(Array, 3, Object(stdClass))
 in C:\xampp\htdocs\wc_course\wp-content\themes\kreasi\functions.php on line 53

2024-02-12T07:28:24+00:00 CRITICAL Uncaught Error: Using $this when not in object context in C:\xampp\htdocs\wc_course\wp-content\themes\kreasi\functions.php:53
Stack trace:
#0 C:\xampp\htdocs\wc_course\wp-includes\class-wp-hook.php(326): customize_menu_item_args(Object(stdClass))
#1 C:\xampp\htdocs\wc_course\wp-includes\plugin.php(205): WP_Hook->apply_filters(Object(stdClass), Array)
#2 C:\xampp\htdocs\wc_course\wp-content\themes\kreasi\inc\class-wp-bootstrap-navwalker.php(166): apply_filters('nav_menu_item_a...', Object(stdClass), Object(WP_Post), 0)
#3 C:\xampp\htdocs\wc_course\wp-includes\class-wp-walker.php(147): WP_Bootstrap_Navwalker->start_el('', Object(WP_Post), 0, Object(stdClass))
#4 C:\xampp\htdocs\wc_course\wp-includes\class-wp-walker.php(247): Walker->display_element(Object(WP_Post), Array, 3, 0, Array, '')
#5 C:\xampp\htdocs\wc_course\wp-includes\nav-menu-template.php(616): Walker->walk(Array, 3, Object(stdClass))
#6 C:\xampp\htdocs\wc_course\wp-includes\nav-menu-template.php(236): walk_nav_menu_tree(Array, 3, Object(stdClass))
 in C:\xampp\htdocs\wc_course\wp-content\themes\kreasi\functions.php on line 53

2024-02-12T07:28:36+00:00 CRITICAL Uncaught Error: Using $this when not in object context in C:\xampp\htdocs\wc_course\wp-content\themes\kreasi\functions.php:53
Stack trace:
#0 C:\xampp\htdocs\wc_course\wp-includes\class-wp-hook.php(324): customize_menu_item_args(Object(stdClass), Object(WP_Post), 0)
#1 C:\xampp\htdocs\wc_course\wp-includes\plugin.php(205): WP_Hook->apply_filters(Object(stdClass), Array)
#2 C:\xampp\htdocs\wc_course\wp-content\themes\kreasi\inc\class-wp-bootstrap-navwalker.php(166): apply_filters('nav_menu_item_a...', Object(stdClass), Object(WP_Post), 0)
#3 C:\xampp\htdocs\wc_course\wp-includes\class-wp-walker.php(147): WP_Bootstrap_Navwalker->start_el('', Object(WP_Post), 0, Object(stdClass))
#4 C:\xampp\htdocs\wc_course\wp-includes\class-wp-walker.php(247): Walker->display_element(Object(WP_Post), Array, 3, 0, Array, '')
#5 C:\xampp\htdocs\wc_course\wp-includes\nav-menu-template.php(616): Walker->walk(Array, 3, Object(stdClass))
#6 C:\xampp\htdocs\wc_course\wp-includes\nav-menu-template.php(236): walk_nav_menu_tree(Array, 3 in C:\xampp\htdocs\wc_course\wp-content\themes\kreasi\functions.php on line 53

2024-02-12T07:28:37+00:00 CRITICAL Uncaught Error: Using $this when not in object context in C:\xampp\htdocs\wc_course\wp-content\themes\kreasi\functions.php:53
Stack trace:
#0 C:\xampp\htdocs\wc_course\wp-includes\class-wp-hook.php(324): customize_menu_item_args(Object(stdClass), Object(WP_Post), 0)
#1 C:\xampp\htdocs\wc_course\wp-includes\plugin.php(205): WP_Hook->apply_filters(Object(stdClass), Array)
#2 C:\xampp\htdocs\wc_course\wp-content\themes\kreasi\inc\class-wp-bootstrap-navwalker.php(166): apply_filters('nav_menu_item_a...', Object(stdClass), Object(WP_Post), 0)
#3 C:\xampp\htdocs\wc_course\wp-includes\class-wp-walker.php(147): WP_Bootstrap_Navwalker->start_el('', Object(WP_Post), 0, Object(stdClass))
#4 C:\xampp\htdocs\wc_course\wp-includes\class-wp-walker.php(247): Walker->display_element(Object(WP_Post), Array, 3, 0, Array, '')
#5 C:\xampp\htdocs\wc_course\wp-includes\nav-menu-template.php(616): Walker->walk(Array, 3, Object(stdClass))
#6 C:\xampp\htdocs\wc_course\wp-includes\nav-menu-template.php(236): walk_nav_menu_tree(Array, 3 in C:\xampp\htdocs\wc_course\wp-content\themes\kreasi\functions.php on line 53

2024-02-12T09:41:13+00:00 CRITICAL syntax error, unexpected 'echo' (T_ECHO) in C:\xampp\htdocs\wc_course\wp-content\themes\kreasi\functions.php on line 53

2024-02-12T11:05:38+00:00 CRITICAL syntax error, unexpected end of file in C:\xampp\htdocs\wc_course\wp-content\themes\kreasi\functions.php on line 73

2024-02-12T11:06:19+00:00 CRITICAL syntax error, unexpected end of file in C:\xampp\htdocs\wc_course\wp-content\themes\kreasi\functions.php on line 74

2024-02-12T11:06:33+00:00 CRITICAL Uncaught ArgumentCountError: Too few arguments to function {closure}(), 1 passed in C:\xampp\htdocs\wc_course\wp-includes\class-wp-hook.php on line 326 and exactly 3 expected in C:\xampp\htdocs\wc_course\wp-content\themes\kreasi\functions.php:64
Stack trace:
#0 C:\xampp\htdocs\wc_course\wp-includes\class-wp-hook.php(326): {closure}(Object(stdClass))
#1 C:\xampp\htdocs\wc_course\wp-includes\plugin.php(205): WP_Hook->apply_filters(Object(stdClass), Array)
#2 C:\xampp\htdocs\wc_course\wp-content\themes\kreasi\inc\class-wp-bootstrap-navwalker.php(166): apply_filters('nav_menu_item_a...', Object(stdClass), Object(WP_Post), 0)
#3 C:\xampp\htdocs\wc_course\wp-includes\class-wp-walker.php(147): WP_Bootstrap_Navwalker->start_el('', Object(WP_Post), 0, Object(stdClass))
#4 C:\xampp\htdocs\wc_course\wp-includes\class-wp-walker.php(247): Walker->display_element(Object(WP_Post), Array, 3, 0, Array, '')
#5 C:\xampp\htdocs\wc_course\wp-includes\nav-menu-template.php(616): Walker->walk(Array, 3, Object(stdClass))
#6 C:\xampp in C:\xampp\htdocs\wc_course\wp-content\themes\kreasi\functions.php on line 64

2024-02-12T11:06:34+00:00 CRITICAL Uncaught ArgumentCountError: Too few arguments to function {closure}(), 1 passed in C:\xampp\htdocs\wc_course\wp-includes\class-wp-hook.php on line 326 and exactly 3 expected in C:\xampp\htdocs\wc_course\wp-content\themes\kreasi\functions.php:64
Stack trace:
#0 C:\xampp\htdocs\wc_course\wp-includes\class-wp-hook.php(326): {closure}(Object(stdClass))
#1 C:\xampp\htdocs\wc_course\wp-includes\plugin.php(205): WP_Hook->apply_filters(Object(stdClass), Array)
#2 C:\xampp\htdocs\wc_course\wp-content\themes\kreasi\inc\class-wp-bootstrap-navwalker.php(166): apply_filters('nav_menu_item_a...', Object(stdClass), Object(WP_Post), 0)
#3 C:\xampp\htdocs\wc_course\wp-includes\class-wp-walker.php(147): WP_Bootstrap_Navwalker->start_el('', Object(WP_Post), 0, Object(stdClass))
#4 C:\xampp\htdocs\wc_course\wp-includes\class-wp-walker.php(247): Walker->display_element(Object(WP_Post), Array, 3, 0, Array, '')
#5 C:\xampp\htdocs\wc_course\wp-includes\nav-menu-template.php(616): Walker->walk(Array, 3, Object(stdClass))
#6 C:\xampp in C:\xampp\htdocs\wc_course\wp-content\themes\kreasi\functions.php on line 64

2024-02-12T11:06:54+00:00 CRITICAL Uncaught ArgumentCountError: Too few arguments to function {closure}(), 1 passed in C:\xampp\htdocs\wc_course\wp-includes\class-wp-hook.php on line 326 and exactly 3 expected in C:\xampp\htdocs\wc_course\wp-content\themes\kreasi\functions.php:64
Stack trace:
#0 C:\xampp\htdocs\wc_course\wp-includes\class-wp-hook.php(326): {closure}(Object(stdClass))
#1 C:\xampp\htdocs\wc_course\wp-includes\plugin.php(205): WP_Hook->apply_filters(Object(stdClass), Array)
#2 C:\xampp\htdocs\wc_course\wp-content\themes\kreasi\inc\class-wp-bootstrap-navwalker.php(166): apply_filters('nav_menu_item_a...', Object(stdClass), Object(WP_Post), 0)
#3 C:\xampp\htdocs\wc_course\wp-includes\class-wp-walker.php(147): WP_Bootstrap_Navwalker->start_el('', Object(WP_Post), 0, Object(stdClass))
#4 C:\xampp\htdocs\wc_course\wp-includes\class-wp-walker.php(247): Walker->display_element(Object(WP_Post), Array, 3, 0, Array, '')
#5 C:\xampp\htdocs\wc_course\wp-includes\nav-menu-template.php(616): Walker->walk(Array, 3, Object(stdClass))
#6 C:\xampp in C:\xampp\htdocs\wc_course\wp-content\themes\kreasi\functions.php on line 64

2024-02-12T11:06:55+00:00 CRITICAL Uncaught ArgumentCountError: Too few arguments to function {closure}(), 1 passed in C:\xampp\htdocs\wc_course\wp-includes\class-wp-hook.php on line 326 and exactly 3 expected in C:\xampp\htdocs\wc_course\wp-content\themes\kreasi\functions.php:64
Stack trace:
#0 C:\xampp\htdocs\wc_course\wp-includes\class-wp-hook.php(326): {closure}(Object(stdClass))
#1 C:\xampp\htdocs\wc_course\wp-includes\plugin.php(205): WP_Hook->apply_filters(Object(stdClass), Array)
#2 C:\xampp\htdocs\wc_course\wp-content\themes\kreasi\inc\class-wp-bootstrap-navwalker.php(166): apply_filters('nav_menu_item_a...', Object(stdClass), Object(WP_Post), 0)
#3 C:\xampp\htdocs\wc_course\wp-includes\class-wp-walker.php(147): WP_Bootstrap_Navwalker->start_el('', Object(WP_Post), 0, Object(stdClass))
#4 C:\xampp\htdocs\wc_course\wp-includes\class-wp-walker.php(247): Walker->display_element(Object(WP_Post), Array, 3, 0, Array, '')
#5 C:\xampp\htdocs\wc_course\wp-includes\nav-menu-template.php(616): Walker->walk(Array, 3, Object(stdClass))
#6 C:\xampp in C:\xampp\htdocs\wc_course\wp-content\themes\kreasi\functions.php on line 64

2024-02-12T11:07:30+00:00 CRITICAL Uncaught ArgumentCountError: Too few arguments to function {closure}(), 1 passed in C:\xampp\htdocs\wc_course\wp-includes\class-wp-hook.php on line 326 and exactly 3 expected in C:\xampp\htdocs\wc_course\wp-content\themes\kreasi\functions.php:64
Stack trace:
#0 C:\xampp\htdocs\wc_course\wp-includes\class-wp-hook.php(326): {closure}(Object(stdClass))
#1 C:\xampp\htdocs\wc_course\wp-includes\plugin.php(205): WP_Hook->apply_filters(Object(stdClass), Array)
#2 C:\xampp\htdocs\wc_course\wp-content\themes\kreasi\inc\class-wp-bootstrap-navwalker.php(166): apply_filters('nav_menu_item_a...', Object(stdClass), Object(WP_Post), 0)
#3 C:\xampp\htdocs\wc_course\wp-includes\class-wp-walker.php(147): WP_Bootstrap_Navwalker->start_el('', Object(WP_Post), 0, Object(stdClass))
#4 C:\xampp\htdocs\wc_course\wp-includes\class-wp-walker.php(247): Walker->display_element(Object(WP_Post), Array, 3, 0, Array, '')
#5 C:\xampp\htdocs\wc_course\wp-includes\nav-menu-template.php(616): Walker->walk(Array, 3, Object(stdClass))
#6 C:\xampp in C:\xampp\htdocs\wc_course\wp-content\themes\kreasi\functions.php on line 64

2024-02-12T11:07:31+00:00 CRITICAL Uncaught ArgumentCountError: Too few arguments to function {closure}(), 1 passed in C:\xampp\htdocs\wc_course\wp-includes\class-wp-hook.php on line 326 and exactly 3 expected in C:\xampp\htdocs\wc_course\wp-content\themes\kreasi\functions.php:64
Stack trace:
#0 C:\xampp\htdocs\wc_course\wp-includes\class-wp-hook.php(326): {closure}(Object(stdClass))
#1 C:\xampp\htdocs\wc_course\wp-includes\plugin.php(205): WP_Hook->apply_filters(Object(stdClass), Array)
#2 C:\xampp\htdocs\wc_course\wp-content\themes\kreasi\inc\class-wp-bootstrap-navwalker.php(166): apply_filters('nav_menu_item_a...', Object(stdClass), Object(WP_Post), 0)
#3 C:\xampp\htdocs\wc_course\wp-includes\class-wp-walker.php(147): WP_Bootstrap_Navwalker->start_el('', Object(WP_Post), 0, Object(stdClass))
#4 C:\xampp\htdocs\wc_course\wp-includes\class-wp-walker.php(247): Walker->display_element(Object(WP_Post), Array, 3, 0, Array, '')
#5 C:\xampp\htdocs\wc_course\wp-includes\nav-menu-template.php(616): Walker->walk(Array, 3, Object(stdClass))
#6 C:\xampp in C:\xampp\htdocs\wc_course\wp-content\themes\kreasi\functions.php on line 64

2024-02-12T11:09:48+00:00 CRITICAL Uncaught Error: Cannot use object of type stdClass as array in C:\xampp\htdocs\wc_course\wp-content\themes\kreasi\functions.php:66
Stack trace:
#0 C:\xampp\htdocs\wc_course\wp-includes\class-wp-hook.php(324): {closure}(Object(stdClass), Object(WP_Post), 0)
#1 C:\xampp\htdocs\wc_course\wp-includes\plugin.php(205): WP_Hook->apply_filters(Object(stdClass), Array)
#2 C:\xampp\htdocs\wc_course\wp-content\themes\kreasi\inc\class-wp-bootstrap-navwalker.php(166): apply_filters('nav_menu_item_a...', Object(stdClass), Object(WP_Post), 0)
#3 C:\xampp\htdocs\wc_course\wp-includes\class-wp-walker.php(147): WP_Bootstrap_Navwalker->start_el('', Object(WP_Post), 0, Object(stdClass))
#4 C:\xampp\htdocs\wc_course\wp-includes\class-wp-walker.php(247): Walker->display_element(Object(WP_Post), Array, 3, 0, Array, '')
#5 C:\xampp\htdocs\wc_course\wp-includes\nav-menu-template.php(616): Walker->walk(Array, 3, Object(stdClass))
#6 C:\xampp\htdocs\wc_course\wp-includes\nav-menu-template.php(236): walk_nav_menu_tree(Array, 3, Object(s in C:\xampp\htdocs\wc_course\wp-content\themes\kreasi\functions.php on line 66

2024-02-12T11:09:49+00:00 CRITICAL Uncaught Error: Cannot use object of type stdClass as array in C:\xampp\htdocs\wc_course\wp-content\themes\kreasi\functions.php:66
Stack trace:
#0 C:\xampp\htdocs\wc_course\wp-includes\class-wp-hook.php(324): {closure}(Object(stdClass), Object(WP_Post), 0)
#1 C:\xampp\htdocs\wc_course\wp-includes\plugin.php(205): WP_Hook->apply_filters(Object(stdClass), Array)
#2 C:\xampp\htdocs\wc_course\wp-content\themes\kreasi\inc\class-wp-bootstrap-navwalker.php(166): apply_filters('nav_menu_item_a...', Object(stdClass), Object(WP_Post), 0)
#3 C:\xampp\htdocs\wc_course\wp-includes\class-wp-walker.php(147): WP_Bootstrap_Navwalker->start_el('', Object(WP_Post), 0, Object(stdClass))
#4 C:\xampp\htdocs\wc_course\wp-includes\class-wp-walker.php(247): Walker->display_element(Object(WP_Post), Array, 3, 0, Array, '')
#5 C:\xampp\htdocs\wc_course\wp-includes\nav-menu-template.php(616): Walker->walk(Array, 3, Object(stdClass))
#6 C:\xampp\htdocs\wc_course\wp-includes\nav-menu-template.php(236): walk_nav_menu_tree(Array, 3, Object(s in C:\xampp\htdocs\wc_course\wp-content\themes\kreasi\functions.php on line 66

2024-02-12T12:39:13+00:00 CRITICAL Uncaught Error: [] operator not supported for strings in C:\xampp\htdocs\wc_course\wp-content\themes\kreasi\functions.php:55
Stack trace:
#0 C:\xampp\htdocs\wc_course\wp-includes\class-wp-hook.php(324): {closure}(Array, Object(WP_Post), Object(stdClass), 0)
#1 C:\xampp\htdocs\wc_course\wp-includes\plugin.php(205): WP_Hook->apply_filters(Array, Array)
#2 C:\xampp\htdocs\wc_course\wp-content\themes\kreasi\inc\class-wp-bootstrap-navwalker.php(240): apply_filters('nav_menu_link_a...', Array, Object(WP_Post), Object(stdClass), 0)
#3 C:\xampp\htdocs\wc_course\wp-includes\class-wp-walker.php(147): WP_Bootstrap_Navwalker->start_el('<li  id="menu-i...', Object(WP_Post), 0, Object(stdClass))
#4 C:\xampp\htdocs\wc_course\wp-includes\class-wp-walker.php(247): Walker->display_element(Object(WP_Post), Array, 3, 0, Array, '<li  id="menu-i...')
#5 C:\xampp\htdocs\wc_course\wp-includes\nav-menu-template.php(616): Walker->walk(Array, 3, Object(stdClass))
#6 C:\xampp\htdocs\wc_course\wp-includes\nav-menu-template.php(236): walk in C:\xampp\htdocs\wc_course\wp-content\themes\kreasi\functions.php on line 55

2024-02-12T12:39:14+00:00 CRITICAL Uncaught Error: [] operator not supported for strings in C:\xampp\htdocs\wc_course\wp-content\themes\kreasi\functions.php:55
Stack trace:
#0 C:\xampp\htdocs\wc_course\wp-includes\class-wp-hook.php(324): {closure}(Array, Object(WP_Post), Object(stdClass), 0)
#1 C:\xampp\htdocs\wc_course\wp-includes\plugin.php(205): WP_Hook->apply_filters(Array, Array)
#2 C:\xampp\htdocs\wc_course\wp-content\themes\kreasi\inc\class-wp-bootstrap-navwalker.php(240): apply_filters('nav_menu_link_a...', Array, Object(WP_Post), Object(stdClass), 0)
#3 C:\xampp\htdocs\wc_course\wp-includes\class-wp-walker.php(147): WP_Bootstrap_Navwalker->start_el('<li  id="menu-i...', Object(WP_Post), 0, Object(stdClass))
#4 C:\xampp\htdocs\wc_course\wp-includes\class-wp-walker.php(247): Walker->display_element(Object(WP_Post), Array, 3, 0, Array, '<li  id="menu-i...')
#5 C:\xampp\htdocs\wc_course\wp-includes\nav-menu-template.php(616): Walker->walk(Array, 3, Object(stdClass))
#6 C:\xampp\htdocs\wc_course\wp-includes\nav-menu-template.php(236): walk in C:\xampp\htdocs\wc_course\wp-content\themes\kreasi\functions.php on line 55

