2023-10-15T10:48:05+00:00 CRITICAL Maximum execution time of 120 seconds exceeded in C:\xampp\htdocs\wc_course\wp-includes\Requests\src\Transport\Curl.php on line 205

2023-10-15T12:40:47+00:00 CRITICAL Uncaught Error: Call to undefined method WC_Cart::count() in C:\xampp\htdocs\wc_course\wp-content\themes\fancy-lab\header.php:35
Stack trace:
#0 C:\xampp\htdocs\wc_course\wp-includes\template.php(785): require_once()
#1 C:\xampp\htdocs\wc_course\wp-includes\template.php(720): load_template('C:\\xampp\\htdocs...', true, Array)
#2 C:\xampp\htdocs\wc_course\wp-includes\general-template.php(48): locate_template(Array, true, true, Array)
#3 C:\xampp\htdocs\wc_course\wp-content\themes\fancy-lab\page.php(15): get_header()
#4 C:\xampp\htdocs\wc_course\wp-includes\template-loader.php(106): include('C:\\xampp\\htdocs...')
#5 C:\xampp\htdocs\wc_course\wp-blog-header.php(19): require_once('C:\\xampp\\htdocs...')
#6 C:\xampp\htdocs\wc_course\index.php(17): require('C:\\xampp\\htdocs...')
#7 {main}
  thrown in C:\xampp\htdocs\wc_course\wp-content\themes\fancy-lab\header.php on line 35

2023-10-15T12:40:48+00:00 CRITICAL Uncaught Error: Call to undefined method WC_Cart::count() in C:\xampp\htdocs\wc_course\wp-content\themes\fancy-lab\header.php:35
Stack trace:
#0 C:\xampp\htdocs\wc_course\wp-includes\template.php(785): require_once()
#1 C:\xampp\htdocs\wc_course\wp-includes\template.php(720): load_template('C:\\xampp\\htdocs...', true, Array)
#2 C:\xampp\htdocs\wc_course\wp-includes\general-template.php(48): locate_template(Array, true, true, Array)
#3 C:\xampp\htdocs\wc_course\wp-content\themes\fancy-lab\index.php(15): get_header()
#4 C:\xampp\htdocs\wc_course\wp-includes\template-loader.php(106): include('C:\\xampp\\htdocs...')
#5 C:\xampp\htdocs\wc_course\wp-blog-header.php(19): require_once('C:\\xampp\\htdocs...')
#6 C:\xampp\htdocs\wc_course\index.php(17): require('C:\\xampp\\htdocs...')
#7 {main}
  thrown in C:\xampp\htdocs\wc_course\wp-content\themes\fancy-lab\header.php on line 35

2023-10-15T12:40:48+00:00 CRITICAL Uncaught Error: Call to undefined method WC_Cart::count() in C:\xampp\htdocs\wc_course\wp-content\themes\fancy-lab\header.php:35
Stack trace:
#0 C:\xampp\htdocs\wc_course\wp-includes\template.php(785): require_once()
#1 C:\xampp\htdocs\wc_course\wp-includes\template.php(720): load_template('C:\\xampp\\htdocs...', true, Array)
#2 C:\xampp\htdocs\wc_course\wp-includes\general-template.php(48): locate_template(Array, true, true, Array)
#3 C:\xampp\htdocs\wc_course\wp-content\themes\fancy-lab\index.php(15): get_header()
#4 C:\xampp\htdocs\wc_course\wp-includes\template-loader.php(106): include('C:\\xampp\\htdocs...')
#5 C:\xampp\htdocs\wc_course\wp-blog-header.php(19): require_once('C:\\xampp\\htdocs...')
#6 C:\xampp\htdocs\wc_course\index.php(17): require('C:\\xampp\\htdocs...')
#7 {main}
  thrown in C:\xampp\htdocs\wc_course\wp-content\themes\fancy-lab\header.php on line 35

2023-10-15T12:40:48+00:00 CRITICAL Uncaught Error: Call to undefined method WC_Cart::count() in C:\xampp\htdocs\wc_course\wp-content\themes\fancy-lab\header.php:35
Stack trace:
#0 C:\xampp\htdocs\wc_course\wp-includes\template.php(785): require_once()
#1 C:\xampp\htdocs\wc_course\wp-includes\template.php(720): load_template('C:\\xampp\\htdocs...', true, Array)
#2 C:\xampp\htdocs\wc_course\wp-includes\general-template.php(48): locate_template(Array, true, true, Array)
#3 C:\xampp\htdocs\wc_course\wp-content\themes\fancy-lab\index.php(15): get_header()
#4 C:\xampp\htdocs\wc_course\wp-includes\template-loader.php(106): include('C:\\xampp\\htdocs...')
#5 C:\xampp\htdocs\wc_course\wp-blog-header.php(19): require_once('C:\\xampp\\htdocs...')
#6 C:\xampp\htdocs\wc_course\index.php(17): require('C:\\xampp\\htdocs...')
#7 {main}
  thrown in C:\xampp\htdocs\wc_course\wp-content\themes\fancy-lab\header.php on line 35

